<?xml version="1.0" encoding="UTF-8"?>
<testsuite name="com.exlibris.rosetta.repository.plugin.mdExtractor.epub.EPUBPTCMDExtractorPluginTest" tests="1" skipped="0" failures="0" errors="0" timestamp="2020-08-07T04:21:15" hostname="ide" time="3.98">
  <properties/>
  <testcase name="test" classname="com.exlibris.rosetta.repository.plugin.mdExtractor.epub.EPUBPTCMDExtractorPluginTest" time="3.98"/>
  <system-out><![CDATA[EPUBMetadata.PageCount: null
EPUBMetadata.CharacterCount: 43476
EPUBMetadata.Language: jp
EPUBMetadata.Info.Identifier: com.github.epub-testsuite.epub30-test-0100
EPUBMetadata.Info.Title: EPUBTEST 0100 - Reflowable Content Tests
EPUBMetadata.Info.Creator: [Marisa DeMeglio, Markus Gylling, Matt Garrish, Ori Idan, Toshiaki Koike, Vincent Gros]
EPUBMetadata.Info.Contributor: null
EPUBMetadata.Info.Date: null
EPUBMetadata.Info.Publisher: null
EPUBMetadata.Info.Subject: null
EPUBMetadata.Info.Rights: Copyright © 2012-2015 International Digital Publishing Forum (IDPF)
EPUBMetadata.Fonts.Fonts.FontName: null
EPUBMetadata.Fonts.Fonts.FontFile: null
EPUBMetadata.MediaTypes: [application/ttml+xml, application/x-demo-slideshow, application/xhtml+xml, audio/mp4, audio/mpeg, image/gif, image/jpeg, image/png, image/svg+xml, image/xyz, text/css, text/vtt, video/mp4, video/webm]
EPUBMetadata.References: [http://epubtest.org/media/remote/allison64-remote.mp3, http://epubtest.org/media/remote/allison64-remote.mp4, http://idpf.org/, http://idpf.org/epub/30/spec/epub30-contentdocs.html#sec-xhtml-content-switch, http://idpf.org/epub/30/spec/epub30-contentdocs.html#sec-xhtml-epub-case, http://www.epubtest.org, https://github.com/IDPF/epub-testsuite, https://github.com/mgylling/epub-testsuite/wiki/Overview]
EPUBMetadata.Resources: [EPUB/audio/allison64.mp3, EPUB/audio/allison64.mp4, EPUB/bindings/slideshow.xml, EPUB/css/base.css, EPUB/css/math.css, EPUB/css/svg.css, EPUB/img/Skype_logo.png, EPUB/img/check.gif, EPUB/img/check.jpg, EPUB/img/check.png, EPUB/img/circle.jpg, EPUB/img/mathml-01-010-basic_rendering.png, EPUB/img/mathml-01-020-styling.png, EPUB/img/mathml-01-030-surds.png, EPUB/img/mathml-01-040-vertical_stretch.png, EPUB/img/mathml-01-050-horizontal_stretch.png, EPUB/img/mathml-01-060-mtable_1.png, EPUB/img/mathml-01-061-mtable_2.png, EPUB/img/mathml-01-070-bidi_arabic.png, EPUB/img/mathml-01-080-mlongdiv.png, EPUB/img/mathml-01-081-mstack.png, EPUB/img/mathml-01-090-mmultiscripts.png, EPUB/img/nonimage.xyz, EPUB/svg/circle.svg, EPUB/svg/content-svg-001.svg, EPUB/video/screencast.mp4, EPUB/video/screencast.webm, EPUB/video/tracks/screencast.ttml, EPUB/video/tracks/screencast.vtt, EPUB/xhtml/content-bindings-001.xhtml, EPUB/xhtml/content-fallbacks-001.xhtml, EPUB/xhtml/content-fallbacks.xhtml, EPUB/xhtml/content-images-001.xhtml, EPUB/xhtml/content-mathml-001.xhtml, EPUB/xhtml/content-multimedia-001.xhtml, EPUB/xhtml/content-multimedia-002.xhtml, EPUB/xhtml/content-multimedia-003.xhtml, EPUB/xhtml/content-ns-001.xhtml, EPUB/xhtml/content-svg-001.xhtml, EPUB/xhtml/content-svg-002.xhtml, EPUB/xhtml/content-svg-003.xhtml, EPUB/xhtml/content-svg-004.xhtml, EPUB/xhtml/content-switch-001.xhtml, EPUB/xhtml/content-xhtml-001.xhtml, EPUB/xhtml/content-xhtml-002-inset.xhtml, EPUB/xhtml/content-xhtml-002.xhtml, EPUB/xhtml/front.xhtml, EPUB/xhtml/nav.xhtml, EPUB/xhtml/svg-doc-001.xhtml, http://epubtest.org/media/remote/allison64-remote.mp3, http://epubtest.org/media/remote/allison64-remote.mp4]
EPUBMetadata.hasEncryption: null
EPUBMetadata.hasSignatures: null
EPUBMetadata.hasAudio: true
EPUBMetadata.hasVideo: true
EPUBMetadata.hasFixedLayout: null
EPUBMetadata.hasScripts: true
Finished
]]></system-out>
  <system-err><![CDATA[[Error] jhove.conf:3:56: cvc-elt.1: Cannot find the declaration of element 'jhoveConfig'.
log4j:WARN No appenders could be found for logger (com.exlibris.core.infra.svc.api.config.GlobalProperties).
log4j:WARN Please initialize the log4j system properly.
log4j:WARN See http://logging.apache.org/log4j/1.2/faq.html#noconfig for more info.
]]></system-err>
</testsuite>
